2016-10-27 01:48:11,576 [main] INFO  (GuestModel.java:69) - Services is empty
2016-10-27 01:48:11,580 [main] ERROR (GuestModel.java:79) - java.lang.NullPointerException 
2016-10-27 01:48:11,582 [main] INFO  (GuestModel.java:80) - Service not found 
2016-11-03 05:37:55,571 [main] ERROR (DataServiceImpl.java:35) - java.io.EOFException 
2016-11-03 05:37:55,575 [main] ERROR (ConverterImpl.java:43) - java.lang.IndexOutOfBoundsException: Index: 0, Size: 0 
2016-11-08 00:33:15,835 [main] INFO  (RoomModel.java:95) - Is full 
2016-11-08 00:33:15,852 [main] INFO  (RoomModel.java:95) - Is full 
2016-11-08 02:28:35,071 [main] ERROR (GuestModelServiceImpl.java:49) - -1 
2016-11-08 02:30:47,458 [main] ERROR (GuestModelServiceImpl.java:49) - -1 
2016-11-08 02:32:32,135 [main] INFO  (RoomModel.java:95) - Is full 
2016-11-08 02:32:32,140 [main] INFO  (RoomModel.java:95) - Is full 
2016-11-08 02:35:40,982 [main] INFO  (RoomModel.java:95) - Is full 
2016-11-08 02:35:40,995 [main] INFO  (RoomModel.java:95) - Is full 
2016-11-08 02:36:18,690 [main] INFO  (RoomModel.java:95) - Is full 
2016-11-08 02:36:18,696 [main] INFO  (RoomModel.java:95) - Is full 
2016-11-08 02:36:39,634 [main] INFO  (RoomModel.java:95) - Is full 
2016-11-08 02:36:39,639 [main] INFO  (RoomModel.java:95) - Is full 
2016-11-08 02:37:29,343 [main] INFO  (RoomModel.java:95) - Is full 
2016-11-08 02:37:29,357 [main] INFO  (RoomModel.java:95) - Is full 
2016-11-08 02:38:12,806 [main] INFO  (RoomModel.java:95) - Is full 
2016-11-08 02:38:12,811 [main] INFO  (RoomModel.java:95) - Is full 
2016-11-08 02:38:19,150 [main] INFO  (RoomModel.java:95) - Is full 
2016-11-08 02:38:19,155 [main] INFO  (RoomModel.java:95) - Is full 
2016-11-08 02:38:54,129 [main] INFO  (RoomModel.java:95) - Is full 
2016-11-08 02:38:54,139 [main] INFO  (RoomModel.java:95) - Is full 
2016-11-08 02:48:18,296 [main] INFO  (RoomModel.java:95) - Is full 
2016-11-08 02:48:18,304 [main] INFO  (RoomModel.java:95) - Is full 
2016-11-08 02:50:00,845 [main] INFO  (RoomModel.java:95) - Is full 
2016-11-08 02:50:00,853 [main] INFO  (RoomModel.java:95) - Is full 
2016-11-08 02:51:28,986 [main] INFO  (RoomModel.java:95) - Is full 
2016-11-08 02:51:28,996 [main] INFO  (RoomModel.java:95) - Is full 
2016-11-08 02:51:44,950 [main] INFO  (RoomModel.java:95) - Is full 
2016-11-08 02:51:44,959 [main] INFO  (RoomModel.java:95) - Is full 
2016-11-08 02:53:11,186 [main] INFO  (RoomModel.java:95) - Is full 
2016-11-08 02:53:11,199 [main] INFO  (RoomModel.java:95) - Is full 
2016-11-08 02:53:28,555 [main] INFO  (RoomModel.java:95) - Is full 
2016-11-08 02:53:28,559 [main] INFO  (RoomModel.java:95) - Is full 
2016-11-08 02:53:54,742 [main] INFO  (RoomModel.java:95) - Is full 
2016-11-08 02:53:54,751 [main] INFO  (RoomModel.java:95) - Is full 
2016-11-11 15:51:28,428 [main] ERROR (GuestModelServiceImpl.java:49) - -1 
2016-11-11 15:51:28,432 [main] ERROR (ImportGuestsAction.java:21) -  
2016-11-11 15:54:39,410 [main] ERROR (GuestModelServiceImpl.java:49) - -1 
2016-11-11 15:54:39,416 [main] ERROR (ImportGuestsAction.java:21) -  
2016-11-11 15:54:39,418 [main] ERROR (Reader.java:37) - java.util.NoSuchElementException 
2016-11-11 16:04:31,237 [main] INFO  (RoomModel.java:96) - Is full 
2016-11-11 16:04:31,245 [main] INFO  (RoomModel.java:96) - Is full 
2016-11-11 16:04:41,366 [main] INFO  (RoomModel.java:96) - Is full 
2016-11-11 16:04:41,370 [main] INFO  (RoomModel.java:96) - Is full 
2016-11-11 16:05:02,763 [main] INFO  (RoomModel.java:96) - Is full 
2016-11-11 16:05:02,767 [main] INFO  (RoomModel.java:96) - Is full 
2016-11-11 16:05:20,609 [main] INFO  (RoomModel.java:96) - Is full 
2016-11-11 16:05:20,614 [main] INFO  (RoomModel.java:96) - Is full 
2016-11-11 16:05:39,330 [main] INFO  (RoomModel.java:96) - Is full 
2016-11-11 16:05:39,334 [main] INFO  (RoomModel.java:96) - Is full 
2016-11-11 16:10:46,329 [main] INFO  (RoomModel.java:96) - Is full 
2016-11-11 16:10:46,335 [main] INFO  (RoomModel.java:96) - Is full 
2016-11-11 16:13:36,288 [main] INFO  (RoomModel.java:96) - Is full 
2016-11-11 16:13:36,293 [main] INFO  (RoomModel.java:96) - Is full 
2016-11-11 16:33:49,883 [main] ERROR (Reader.java:34) - java.util.NoSuchElementException 
2016-11-11 17:00:11,586 [main] ERROR (GuestModelServiceImpl.java:49) - -1 
2016-11-11 17:00:40,905 [main] ERROR (DataServiceImpl.java:35) - java.io.EOFException 
2016-11-11 17:00:46,263 [main] ERROR (DataServiceImpl.java:35) - java.io.StreamCorruptedException: invalid stream header: EFBFBDEF 
2016-11-11 17:00:49,100 [main] ERROR (DataServiceImpl.java:35) - java.io.StreamCorruptedException: invalid stream header: EFBFBDEF 
2016-11-11 17:00:51,511 [main] ERROR (DataServiceImpl.java:35) - java.io.StreamCorruptedException: invalid stream header: EFBFBDEF 
2016-11-11 17:01:10,609 [main] ERROR (DataServiceImpl.java:35) - java.io.StreamCorruptedException: invalid stream header: EFBFBDEF 
2016-11-11 17:04:10,565 [main] ERROR (DataServiceImpl.java:35) - java.io.StreamCorruptedException: invalid stream header: EFBFBDEF 
2016-11-11 17:04:35,638 [main] ERROR (DataServiceImpl.java:35) - java.io.StreamCorruptedException: invalid stream header: EFBFBDEF 
2016-11-11 17:35:43,499 [main] ERROR (DataServiceImpl.java:35) - java.io.StreamCorruptedException: invalid stream header: EFBFBDEF 
2016-11-11 17:36:10,681 [main] ERROR (DataServiceImpl.java:35) - java.io.StreamCorruptedException: invalid stream header: EFBFBDEF 
2016-11-11 17:38:13,624 [main] ERROR (DataServiceImpl.java:35) - java.io.StreamCorruptedException: invalid stream header: EFBFBDEF 
2016-11-11 18:10:28,033 [main] ERROR (DataServiceImpl.java:35) - java.io.StreamCorruptedException: invalid stream header: EFBFBDEF 
2016-11-11 18:11:41,385 [main] ERROR (DataServiceImpl.java:35) - java.io.StreamCorruptedException: invalid stream header: EFBFBDEF 
2016-11-11 18:44:50,702 [main] ERROR (DataServiceImpl.java:36) - java.io.StreamCorruptedException: invalid stream header: BFBDEFBF 
2016-11-11 18:46:03,416 [main] ERROR (DataServiceImpl.java:36) - java.io.StreamCorruptedException: invalid stream header: BFBDEFBF 
2016-11-11 18:46:15,434 [main] ERROR (DataServiceImpl.java:35) - invalid stream header: EFBFBDEF 
2016-11-11 18:46:43,371 [main] ERROR (DataServiceImpl.java:35) - invalid stream header: EFBFBDEF 
2016-11-11 18:48:22,164 [main] ERROR (DataServiceImpl.java:38) - invalid stream header: EFBFBDEF 
2016-11-11 18:49:33,956 [main] ERROR (DataServiceImpl.java:38) -  
2016-11-11 18:50:02,630 [main] ERROR (DataServiceImpl.java:38) -  
2016-11-11 18:50:34,731 [main] ERROR (DataServiceImpl.java:38) -  
2016-11-11 18:58:19,057 [main] ERROR (DataServiceImpl.java:38) -  
2016-11-11 19:40:50,145 [main] ERROR (DataServiceImpl.java:38) -  
2016-11-11 21:31:16,964 [main] ERROR (DataServiceImpl.java:38) -  
2016-11-11 21:31:41,552 [main] ERROR (DataServiceImpl.java:38) -  
2016-11-11 21:32:31,262 [main] ERROR (DataServiceImpl.java:32) -  
2016-11-11 21:32:31,270 [main] ERROR (Initializer.java:83) - java.lang.IndexOutOfBoundsException: Index: 0, Size: 0 
2016-11-11 22:06:47,833 [main] ERROR (DataServiceImpl.java:32) -  
2016-11-11 22:06:47,836 [main] ERROR (Initializer.java:83) - java.lang.IndexOutOfBoundsException: Index: 0, Size: 0 
2016-11-11 22:06:47,845 [main] ERROR (ServiceModelServiceImpl.java:73) -  
2016-11-11 22:06:47,850 [main] ERROR (RoomModelServiceImpl.java:115) -  
2016-11-11 22:08:14,468 [main] ERROR (DataServiceImpl.java:32) -  
2016-11-11 22:08:14,471 [main] ERROR (Initializer.java:83) - java.lang.IndexOutOfBoundsException: Index: 0, Size: 0 
2016-11-11 22:08:14,482 [main] ERROR (ServiceModelServiceImpl.java:73) -  
2016-11-11 22:08:14,488 [main] ERROR (RoomModelServiceImpl.java:115) -  
2016-11-11 22:09:48,128 [main] ERROR (DataServiceImpl.java:32) -  
2016-11-11 22:09:48,133 [main] ERROR (Initializer.java:83) - java.lang.IndexOutOfBoundsException: Index: 0, Size: 0 
2016-11-11 22:09:48,141 [main] ERROR (ServiceModelServiceImpl.java:73) -  
2016-11-11 22:09:48,141 [main] ERROR (RoomModelServiceImpl.java:115) -  
2016-11-11 22:09:53,488 [main] ERROR (GuestModelServiceImpl.java:118) -  
2016-11-11 22:09:57,133 [main] ERROR (RoomModelServiceImpl.java:115) -  
2016-11-11 22:14:41,310 [main] ERROR (DataServiceImpl.java:32) -  
2016-11-11 22:14:41,314 [main] ERROR (Initializer.java:83) - java.lang.IndexOutOfBoundsException: Index: 0, Size: 0 
2016-11-11 22:14:41,324 [main] ERROR (ServiceModelServiceImpl.java:73) -  
2016-11-11 22:14:41,324 [main] ERROR (RoomModelServiceImpl.java:115) -  
2016-11-11 22:14:47,294 [main] ERROR (GuestModelServiceImpl.java:39) -  
2016-11-11 22:14:49,213 [main] ERROR (GuestModelServiceImpl.java:118) -  
2016-11-11 22:14:55,429 [main] ERROR (GuestModelServiceImpl.java:39) -  
2016-11-11 22:14:56,173 [main] ERROR (GuestModelServiceImpl.java:118) -  
2016-11-11 22:16:20,280 [main] ERROR (DataServiceImpl.java:32) -  
2016-11-11 22:16:20,283 [main] ERROR (Initializer.java:83) - java.lang.IndexOutOfBoundsException: Index: 0, Size: 0 
2016-11-11 22:16:20,292 [main] ERROR (ServiceModelServiceImpl.java:73) -  
2016-11-11 22:16:20,292 [main] ERROR (RoomModelServiceImpl.java:115) -  
2016-11-11 22:16:22,711 [main] ERROR (RoomModelServiceImpl.java:115) -  
2016-11-11 22:16:34,328 [main] ERROR (RoomModelServiceImpl.java:42) -  
2016-11-11 22:16:35,378 [main] ERROR (RoomModelServiceImpl.java:115) -  
2016-11-11 22:20:52,718 [main] ERROR (DataServiceImpl.java:32) -  
2016-11-11 22:20:52,722 [main] ERROR (Initializer.java:83) - java.lang.IndexOutOfBoundsException: Index: 0, Size: 0 
2016-11-11 22:20:52,729 [main] ERROR (ServiceModelServiceImpl.java:73) -  
2016-11-11 22:20:52,732 [main] ERROR (RoomModelServiceImpl.java:115) -  
2016-11-11 22:21:28,426 [main] ERROR (GuestModelServiceImpl.java:39) -  
2016-11-11 22:21:28,431 [main] ERROR (Reader.java:34) - java.util.NoSuchElementException 
2016-11-11 22:23:13,000 [main] ERROR (DataServiceImpl.java:32) -  
2016-11-11 22:23:19,277 [main] ERROR (Initializer.java:83) - java.lang.IndexOutOfBoundsException: Index: 0, Size: 0 
2016-11-11 22:23:19,293 [main] ERROR (ServiceModelServiceImpl.java:73) -  
2016-11-11 22:23:19,298 [main] ERROR (RoomModelServiceImpl.java:115) -  
2016-11-11 22:25:51,372 [main] ERROR (DataServiceImpl.java:32) -  
2016-11-11 22:25:51,375 [main] ERROR (Initializer.java:83) - java.lang.IndexOutOfBoundsException: Index: 0, Size: 0 
2016-11-11 23:23:19,717 [main] ERROR (DataServiceImpl.java:32) -  
2016-11-11 23:24:01,287 [main] ERROR (DataServiceImpl.java:32) -  
