2016-10-27 02:48:44,857 [main] ERROR (Reader.java:74) - For input string: "df" 
2016-10-27 02:48:49,566 [main] ERROR (Reader.java:89) - java.lang.NumberFormatException: For input string: "ddf" 
2016-10-27 02:50:02,145 [main] ERROR (RoomModelServiceImpl.java:52) - -1 
2016-10-27 02:50:34,968 [main] ERROR (Reader.java:74) - For input string: "adsfdsf" 
2016-10-27 02:59:22,168 [main] ERROR (Reader.java:89) - java.lang.NumberFormatException: For input string: "ыв" 
2016-10-27 03:08:42,827 [main] ERROR (Reader.java:92) - java.time.DateTimeException: Invalid value for DayOfMonth (valid values 1 - 28/31): 43 
2016-10-27 03:08:53,629 [main] ERROR (Reader.java:92) - java.time.DateTimeException: Invalid value for MonthOfYear (valid values 1 - 12): 21 
2016-10-27 03:52:26,844 [main] ERROR (AllRegistrationsItem.java:32) - Format specifier '%s' 
2016-10-27 03:55:20,912 [main] ERROR (AllRegistrationsItem.java:32) - Format specifier '%s' 
2016-10-27 03:55:20,919 [main] ERROR (Reader.java:33) - java.util.NoSuchElementException 
2016-10-31 00:17:30,224 [main] ERROR (Reader.java:88) - java.lang.NumberFormatException: For input string: "6*65" 
2016-10-31 00:17:32,712 [main] ERROR (Reader.java:88) - java.lang.ArrayIndexOutOfBoundsException: 1 
2016-10-31 00:21:25,283 [main] ERROR (Reader.java:34) - java.util.NoSuchElementException 
2016-10-31 00:30:28,064 [main] ERROR (Reader.java:34) - java.util.NoSuchElementException 
2016-10-31 00:43:09,836 [main] ERROR (Reader.java:34) - java.util.NoSuchElementException 
2016-10-31 01:48:08,720 [main] ERROR (AllGuestsItem.java:32) -  
2016-10-31 01:48:16,896 [main] ERROR (AllGuestsItem.java:32) -  
2016-10-31 01:48:26,846 [main] ERROR (AllGuestsItem.java:32) -  
2016-10-31 01:49:10,585 [main] ERROR (AllGuestsItem.java:32) -  
2016-10-31 01:50:19,642 [main] ERROR (AllGuestsItem.java:32) -  
2016-10-31 01:52:17,799 [main] ERROR (AllGuestsItem.java:32) -  
2016-10-31 01:52:17,801 [main] ERROR (Reader.java:34) - java.util.NoSuchElementException 
2016-10-31 01:52:50,701 [main] ERROR (AllGuestsItem.java:32) -  
2016-10-31 01:55:18,312 [main] ERROR (AllGuestsItem.java:32) -  
2016-10-31 01:55:18,319 [main] ERROR (Reader.java:34) - java.util.NoSuchElementException 
2016-10-31 01:59:08,796 [main] ERROR (AllGuestsItem.java:32) - d != java.lang.String 
2016-10-31 01:59:33,392 [main] ERROR (AllGuestsItem.java:32) - d != java.lang.String 
2016-10-31 01:59:56,802 [main] ERROR (AllGuestsItem.java:32) - d != java.lang.String 
2016-10-31 02:05:04,605 [main] ERROR (RoomModelServiceImpl.java:209) - Index: 0, Size: 0 
2016-10-31 15:25:02,116 [main] ERROR (AllGuestsItem.java:32) - d != java.lang.String 
2016-10-31 15:27:10,646 [main] ERROR (Reader.java:34) - java.util.NoSuchElementException 
2016-10-31 15:54:02,214 [main] ERROR (AllGuestsItem.java:34) - d != java.lang.String 
2016-10-31 16:23:35,112 [main] ERROR (AllGuestsItem.java:34) - d != java.lang.String 
2016-11-01 00:04:15,608 [main] ERROR (AllGuestsItem.java:34) - d != java.lang.String 
2016-11-01 00:07:58,348 [main] ERROR (GuestModelServiceImpl.java:49) - -1 
2016-11-01 00:09:06,987 [main] ERROR (GuestModelServiceImpl.java:49) - -1 
2016-11-01 00:09:44,643 [main] ERROR (GuestModelServiceImpl.java:49) - -1 
2016-11-01 00:20:55,588 [main] ERROR (AllGuestsItem.java:34) - d != java.lang.String 
2016-11-01 00:21:11,595 [main] ERROR (AllGuestsItem.java:34) - d != java.lang.String 
2016-11-01 00:21:27,859 [main] ERROR (AllGuestsItem.java:34) - d != java.lang.String 
2016-11-01 00:21:37,624 [main] ERROR (AllGuestsItem.java:34) - d != java.lang.String 
2016-11-01 00:22:06,800 [main] ERROR (AllGuestsItem.java:34) - d != java.lang.String 
2016-11-01 00:24:38,938 [main] ERROR (AllGuestsItem.java:34) - d != java.lang.String 
2016-11-01 00:25:27,475 [main] ERROR (AllGuestsItem.java:34) - d != java.lang.String 
2016-11-01 00:29:50,796 [main] ERROR (AllGuestsItem.java:34) - d != java.lang.String 
2016-11-01 00:37:16,627 [main] ERROR (AllGuestsItem.java:34) - d != java.lang.String 
2016-11-01 00:37:16,628 [main] ERROR (Reader.java:34) - java.util.NoSuchElementException 
2016-11-03 05:36:59,376 [main] ERROR (DataServiceImpl.java:35) - java.io.StreamCorruptedException: invalid stream header: 787E7200 
2016-11-03 05:36:59,380 [main] ERROR (ConverterImpl.java:43) - java.lang.IndexOutOfBoundsException: Index: 0, Size: 0 
